Using pre-set license
Built from '2022.3/staging' branch; Version is '2022.3.21f1 (bf09ca542b87) revision 12519882'; Using compiler version '192829333'; Build Type 'Release'
OS: 'Windows 11  (10.0.22621) 64bit CoreSingleLanguage' Language: 'en' Physical Memory: 32160 MB
BatchMode: 1, IsHumanControllingUs: 0, StartBugReporterOnCrash: 0, Is64bit: 1, IsPro: 1

COMMAND LINE ARGUMENTS:
C:\Program Files\Unity\2022.3.21f1\Editor\Unity.exe
-adb2
-batchMode
-noUpm
-name
AssetImportWorker2
-projectPath
D:/VR-Projects/VuforiaTesting
-logFile
Logs/AssetImportWorker2.log
-srvPort
50230
Successfully changed project path to: D:/VR-Projects/VuforiaTesting
D:/VR-Projects/VuforiaTesting
[UnityMemory] Configuration Parameters - Can be set up in boot.config
    "memorysetup-bucket-allocator-granularity=16"
    "memorysetup-bucket-allocator-bucket-count=8"
    "memorysetup-bucket-allocator-block-size=33554432"
    "memorysetup-bucket-allocator-block-count=8"
    "memorysetup-main-allocator-block-size=16777216"
    "memorysetup-thread-allocator-block-size=16777216"
    "memorysetup-gfx-main-allocator-block-size=16777216"
    "memorysetup-gfx-thread-allocator-block-size=16777216"
    "memorysetup-cache-allocator-block-size=4194304"
    "memorysetup-typetree-allocator-block-size=2097152"
    "memorysetup-profiler-bucket-allocator-granularity=16"
    "memorysetup-profiler-bucket-allocator-bucket-count=8"
    "memorysetup-profiler-bucket-allocator-block-size=33554432"
    "memorysetup-profiler-bucket-allocator-block-count=8"
    "memorysetup-profiler-allocator-block-size=16777216"
    "memorysetup-profiler-editor-allocator-block-size=1048576"
    "memorysetup-temp-allocator-size-main=16777216"
    "memorysetup-job-temp-allocator-block-size=2097152"
    "memorysetup-job-temp-allocator-block-size-background=1048576"
    "memorysetup-job-temp-allocator-reduction-small-platforms=262144"
    "memorysetup-allocator-temp-initial-block-size-main=262144"
    "memorysetup-allocator-temp-initial-block-size-worker=262144"
    "memorysetup-temp-allocator-size-background-worker=32768"
    "memorysetup-temp-allocator-size-job-worker=262144"
    "memorysetup-temp-allocator-size-preload-manager=33554432"
    "memorysetup-temp-allocator-size-nav-mesh-worker=65536"
    "memorysetup-temp-allocator-size-audio-worker=65536"
    "memorysetup-temp-allocator-size-cloud-worker=32768"
    "memorysetup-temp-allocator-size-gi-baking-worker=262144"
    "memorysetup-temp-allocator-size-gfx=262144"
Player connection [14364] Host "[IP] 26.173.46.245 [Port] 0 [Flags] 2 [Guid] 2432344063 [EditorId] 2432344063 [Version] 1048832 [Id] WindowsEditor(7,LAPTOP-OID90FD5) [Debug] 1 [PackageName] WindowsEditor [ProjectName] Editor" joined multi-casting on [225.0.0.222:54997]...

Player connection [14364] Host "[IP] 26.173.46.245 [Port] 0 [Flags] 2 [Guid] 2432344063 [EditorId] 2432344063 [Version] 1048832 [Id] WindowsEditor(7,LAPTOP-OID90FD5) [Debug] 1 [PackageName] WindowsEditor [ProjectName] Editor" joined alternative multi-casting on [225.0.0.222:34997]...

[Physics::Module] Initialized MultithreadedJobDispatcher with 15 workers.
Refreshing native plugins compatible for Editor in 14.24 ms, found 6 plugins.
Preloading 2 native plugins for Editor in 3.73 ms.
Initialize engine version: 2022.3.21f1 (bf09ca542b87)
[Subsystems] Discovering subsystems at path C:/Program Files/Unity/2022.3.21f1/Editor/Data/Resources/UnitySubsystems
[Subsystems] Discovering subsystems at path D:/VR-Projects/VuforiaTesting/Assets
GfxDevice: creating device client; threaded=0; jobified=0
Direct3D:
    Version:  Direct3D 11.0 [level 11.1]
    Renderer: NVIDIA GeForce GTX 1650 with Max-Q Design (ID=0x1f9d)
    Vendor:   NVIDIA
    VRAM:     3950 MB
    Driver:   31.0.15.4601
Initialize mono
Mono path[0] = 'C:/Program Files/Unity/2022.3.21f1/Editor/Data/Managed'
Mono path[1] = 'C:/Program Files/Unity/2022.3.21f1/Editor/Data/MonoBleedingEdge/lib/mono/unityjit-win32'
Mono config path = 'C:/Program Files/Unity/2022.3.21f1/Editor/Data/MonoBleedingEdge/etc'
Using monoOptions --debugger-agent=transport=dt_socket,embedding=1,server=y,suspend=n,address=127.0.0.1:56304
Begin MonoManager ReloadAssembly
Registering precompiled unity dll's ...
Register platform support module: C:/Program Files/Unity/2022.3.21f1/Editor/Data/PlaybackEngines/AndroidPlayer/UnityEditor.Android.Extensions.dll
Register platform support module: C:/Program Files/Unity/2022.3.21f1/Editor/Data/PlaybackEngines/WindowsStandaloneSupport/UnityEditor.WindowsStandalone.Extensions.dll
Registered in 0.025235 seconds.
- Loaded All Assemblies, in  1.604 seconds
Native extension for WindowsStandalone target not found
Native extension for Android target not found
Android Extension - Scanning For ADB Devices 1348 ms
Mono: successfully reloaded assembly
- Finished resetting the current domain, in  2.420 seconds
Domain Reload Profiling: 4011ms
	BeginReloadAssembly (498ms)
		ExecutionOrderSort (0ms)
		DisableScriptedObjects (0ms)
		BackupInstance (0ms)
		ReleaseScriptingObjects (0ms)
		CreateAndSetChildDomain (5ms)
	RebuildCommonClasses (190ms)
	RebuildNativeTypeToScriptingClass (34ms)
	initialDomainReloadingComplete (233ms)
	LoadAllAssembliesAndSetupDomain (636ms)
		LoadAssemblies (481ms)
		RebuildTransferFunctionScriptingTraits (0ms)
		AnalyzeDomain (626ms)
			TypeCache.Refresh (619ms)
				TypeCache.ScanAssembly (551ms)
			ScanForSourceGeneratedMonoScriptInfo (1ms)
			ResolveRequiredComponents (3ms)
	FinalizeReload (2421ms)
		ReleaseScriptCaches (0ms)
		RebuildScriptCaches (0ms)
		SetupLoadedEditorAssemblies (2252ms)
			LogAssemblyErrors (0ms)
			InitializePlatformSupportModulesInManaged (1765ms)
			SetLoadedEditorAssemblies (24ms)
			RefreshPlugins (0ms)
			BeforeProcessingInitializeOnLoad (3ms)
			ProcessInitializeOnLoadAttributes (354ms)
			ProcessInitializeOnLoadMethodAttributes (106ms)
			AfterProcessingInitializeOnLoad (0ms)
			EditorAssembliesLoaded (1ms)
		ExecutionOrderSort2 (0ms)
		AwakeInstancesAfterBackupRestoration (0ms)
========================================================================
Worker process is ready to serve import requests
Begin MonoManager ReloadAssembly
- Loaded All Assemblies, in  2.427 seconds
Refreshing native plugins compatible for Editor in 22.17 ms, found 6 plugins.
Native extension for WindowsStandalone target not found
Native extension for Android target not found
Package Manager log level set to [2]
[Package Manager] Server::EnsureServerProcessIsRunning -- launch failed, reason: Unity was launched with the -noUpm command-line argument
[Package Manager] UpmClient::Send -- Unable to send message (not connected to UPM process).
[Package Manager] Cannot connect to Unity Package Manager local server
[Package Manager] Server::EnsureServerProcessIsRunning -- launch failed, reason: Unity was launched with the -noUpm command-line argument
[Package Manager] UpmClient::Send -- Unable to send message (not connected to UPM process).
[Package Manager] Cannot connect to Unity Package Manager local server
Mono: successfully reloaded assembly
[Package Manager] Server::EnsureServerProcessIsRunning -- launch failed, reason: Unity was launched with the -noUpm command-line argument
[Package Manager] UpmClient::Send -- Unable to send message (not connected to UPM process).
[Package Manager] Cannot connect to Unity Package Manager local server
[Package Manager] Server::EnsureServerProcessIsRunning -- launch failed, reason: Unity was launched with the -noUpm command-line argument
[Package Manager] UpmClient::Send -- Unable to send message (not connected to UPM process).
[Package Manager] Cannot connect to Unity Package Manager local server
- Finished resetting the current domain, in  1.970 seconds
Domain Reload Profiling: 4384ms
	BeginReloadAssembly (486ms)
		ExecutionOrderSort (0ms)
		DisableScriptedObjects (34ms)
		BackupInstance (0ms)
		ReleaseScriptingObjects (0ms)
		CreateAndSetChildDomain (64ms)
	RebuildCommonClasses (142ms)
	RebuildNativeTypeToScriptingClass (57ms)
	initialDomainReloadingComplete (211ms)
	LoadAllAssembliesAndSetupDomain (1518ms)
		LoadAssemblies (1093ms)
		RebuildTransferFunctionScriptingTraits (0ms)
		AnalyzeDomain (734ms)
			TypeCache.Refresh (662ms)
				TypeCache.ScanAssembly (599ms)
			ScanForSourceGeneratedMonoScriptInfo (60ms)
			ResolveRequiredComponents (5ms)
	FinalizeReload (1970ms)
		ReleaseScriptCaches (0ms)
		RebuildScriptCaches (0ms)
		SetupLoadedEditorAssemblies (1533ms)
			LogAssemblyErrors (0ms)
			InitializePlatformSupportModulesInManaged (96ms)
			SetLoadedEditorAssemblies (10ms)
			RefreshPlugins (0ms)
			BeforeProcessingInitializeOnLoad (262ms)
			ProcessInitializeOnLoadAttributes (1103ms)
			ProcessInitializeOnLoadMethodAttributes (49ms)
			AfterProcessingInitializeOnLoad (13ms)
			EditorAssembliesLoaded (0ms)
		ExecutionOrderSort2 (0ms)
		AwakeInstancesAfterBackupRestoration (12ms)
Launched and connected shader compiler UnityShaderCompiler.exe after 0.32 seconds
Refreshing native plugins compatible for Editor in 23.37 ms, found 6 plugins.
Preloading 2 native plugins for Editor in 0.06 ms.
Unloading 3247 Unused Serialized files (Serialized files now loaded: 0)
Unloading 58 unused Assets / (102.6 KB). Loaded Objects now: 4012.
Memory consumption went from 142.4 MB to 142.3 MB.
Total: 18.464200 ms (FindLiveObjects: 0.598000 ms CreateObjectMapping: 0.244400 ms MarkObjects: 16.707100 ms  DeleteObjects: 0.910900 ms)

AssetImportParameters requested are different than current active one (requested -> active):
  custom:container-demuxer-ogg: 62fdf1f143b41e24485cea50d1cbac27 -> 
  custom:video-codec-MediaFoundation-h265: 746d11721c4dcdbdad8f713fa42b33f4 -> 
  custom:video-decoder-ogg-theora: a1e56fd34408186e4bbccfd4996cb3dc -> 
  custom:framework-win-MediaFoundation: 216162199b28c13a410421893ffa2e32 -> 
  custom:CustomObjectIndexerAttribute: 9a22284fe3817be447336de3de66b15e -> 
  custom:container-demuxer-webm: 4f35f7cbe854078d1ac9338744f61a02 -> 
  custom:container-muxer-webm: aa71ff27fc2769a1b78a27578f13a17b -> 
  custom:video-decoder-webm-vp8: 9c59270c3fd7afecdb556c50c9e8de78 -> 
  custom:SearchIndexIgnoredProperties: e643bd26f0fe6173181afceb89e7c659 -> 
  custom:AudioImporter_EditorPlatform: d09bf68614088b80899f8185d706f6e7 -> 
  custom:video-encoder-webm-vp8: eb34c28f22e8b96e1ab97ce403110664 -> 
  custom:audio-decoder-ogg-vorbis: bf7c407c2cedff20999df2af8eb42d56 -> 
  custom:audio-encoder-webm-vorbis: bf7c407c2cedff20999df2af8eb42d56 -> 
========================================================================
Received Import Request.
  Time since last request: 5355.094629 seconds.
  path: Assets/UI/Sundarban.jpg
  artifactKey: Guid(a3d3eaf3cb73c1f43955b62834933f4d) Importer(815301076,1909f56bfc062723c751e8b465ee728b)
Start importing Assets/UI/Sundarban.jpg using Guid(a3d3eaf3cb73c1f43955b62834933f4d) Importer(815301076,1909f56bfc062723c751e8b465ee728b)  -> (artifact id: '3819380e4be59c8dabf4c6b64cb05412') in 0.066390 seconds
Number of updated asset objects reloaded before import = 0
Number of asset objects unloaded after import = 2
========================================================================
Received Import Request.
  Time since last request: 3289.935792 seconds.
  path: Assets/UI/Kolkata.jpg
  artifactKey: Guid(74d28ad1c88b69f4ab9f0b0fb52d2b0d) Importer(815301076,1909f56bfc062723c751e8b465ee728b)
Start importing Assets/UI/Kolkata.jpg using Guid(74d28ad1c88b69f4ab9f0b0fb52d2b0d) Importer(815301076,1909f56bfc062723c751e8b465ee728b)  -> (artifact id: '5e2b4e79aae2535357a8fafd2704f12a') in 0.022907 seconds
Number of updated asset objects reloaded before import = 0
Number of asset objects unloaded after import = 2
========================================================================
Received Import Request.
  Time since last request: 13.892244 seconds.
  path: Assets/UI/KokataUI.mat
  artifactKey: Guid(5e4435b22d5024344bbf27ad408373dc) Importer(815301076,1909f56bfc062723c751e8b465ee728b)
Start importing Assets/UI/KokataUI.mat using Guid(5e4435b22d5024344bbf27ad408373dc) Importer(815301076,1909f56bfc062723c751e8b465ee728b)  -> (artifact id: 'a992fc0add2456b3f50791b8a3e4522a') in 0.070031 seconds
Number of updated asset objects reloaded before import = 0
Number of asset objects unloaded after import = 1
========================================================================
Received Import Request.
  Time since last request: 110.146566 seconds.
  path: Assets/UI/Crops.jpg
  artifactKey: Guid(616c392c22dfdd34880090ff646bb8cb) Importer(815301076,1909f56bfc062723c751e8b465ee728b)
Start importing Assets/UI/Crops.jpg using Guid(616c392c22dfdd34880090ff646bb8cb) Importer(815301076,1909f56bfc062723c751e8b465ee728b)  -> (artifact id: '23bd8889cfa9a0d7019d4e4aef9f4d3d') in 0.019957 seconds
Number of updated asset objects reloaded before import = 0
Number of asset objects unloaded after import = 2
========================================================================
Received Import Request.
  Time since last request: 6.961226 seconds.
  path: Assets/UI/CropsUI.mat
  artifactKey: Guid(6f172b38c5dca5643a170f3d87c479f8) Importer(815301076,1909f56bfc062723c751e8b465ee728b)
Start importing Assets/UI/CropsUI.mat using Guid(6f172b38c5dca5643a170f3d87c479f8) Importer(815301076,1909f56bfc062723c751e8b465ee728b)  -> (artifact id: '589d429fdd862cfc5dc049419fd5dc96') in 0.025781 seconds
Number of updated asset objects reloaded before import = 0
Number of asset objects unloaded after import = 1
========================================================================
Received Import Request.
  Time since last request: 42.051274 seconds.
  path: Assets/UI/HimalayaUI.mat
  artifactKey: Guid(c39aacd054ae9c345a219c655d165ad1) Importer(815301076,1909f56bfc062723c751e8b465ee728b)
Start importing Assets/UI/HimalayaUI.mat using Guid(c39aacd054ae9c345a219c655d165ad1) Importer(815301076,1909f56bfc062723c751e8b465ee728b)  -> (artifact id: '39dfcf8bf229ecec2cb69639a9959ff4') in 0.013459 seconds
Number of updated asset objects reloaded before import = 0
Number of asset objects unloaded after import = 1
========================================================================
Received Import Request.
  Time since last request: 64.026852 seconds.
  path: Assets/UI/Himalaya.jpg
  artifactKey: Guid(035e529efa6c98e409e162f8a4754741) Importer(815301076,1909f56bfc062723c751e8b465ee728b)
Start importing Assets/UI/Himalaya.jpg using Guid(035e529efa6c98e409e162f8a4754741) Importer(815301076,1909f56bfc062723c751e8b465ee728b)  -> (artifact id: '454598659eaaf91b6563f838bb2da311') in 0.022450 seconds
Number of updated asset objects reloaded before import = 0
Number of asset objects unloaded after import = 2
========================================================================
Received Import Request.
  Time since last request: 109.208579 seconds.
  path: Assets/UI/KanpurUI.mat
  artifactKey: Guid(524f03288df30214fa02f65e2ceb4f0e) Importer(815301076,1909f56bfc062723c751e8b465ee728b)
Start importing Assets/UI/KanpurUI.mat using Guid(524f03288df30214fa02f65e2ceb4f0e) Importer(815301076,1909f56bfc062723c751e8b465ee728b)  -> (artifact id: '4b0ba68f7bb1b7ef3383b1a9f3c90f38') in 0.025641 seconds
Number of updated asset objects reloaded before import = 0
Number of asset objects unloaded after import = 1
========================================================================
Received Import Request.
  Time since last request: 5.781302 seconds.
  path: Assets/UI/Kanpur.jpg
  artifactKey: Guid(d5903803a850ad149b5ebddad66c9a38) Importer(815301076,1909f56bfc062723c751e8b465ee728b)
Start importing Assets/UI/Kanpur.jpg using Guid(d5903803a850ad149b5ebddad66c9a38) Importer(815301076,1909f56bfc062723c751e8b465ee728b)  -> (artifact id: '35ead2183db98abbb0d471f7c9965485') in 0.020851 seconds
Number of updated asset objects reloaded before import = 0
Number of asset objects unloaded after import = 2
========================================================================
Received Import Request.
  Time since last request: 72.090440 seconds.
  path: Assets/UI/RishikeshUI.mat
  artifactKey: Guid(f71825b70cefb2c4d97b4abefc989c39) Importer(815301076,1909f56bfc062723c751e8b465ee728b)
Start importing Assets/UI/RishikeshUI.mat using Guid(f71825b70cefb2c4d97b4abefc989c39) Importer(815301076,1909f56bfc062723c751e8b465ee728b)  -> (artifact id: '0f2efbeb5e57cb2272d623e2b03eb2e9') in 0.012933 seconds
Number of updated asset objects reloaded before import = 0
Number of asset objects unloaded after import = 1
========================================================================
Received Import Request.
  Time since last request: 9.163304 seconds.
  path: Assets/UI/Rishikesh.jpg
  artifactKey: Guid(28c0ef531cd2f7946938d906206480a2) Importer(815301076,1909f56bfc062723c751e8b465ee728b)
Start importing Assets/UI/Rishikesh.jpg using Guid(28c0ef531cd2f7946938d906206480a2) Importer(815301076,1909f56bfc062723c751e8b465ee728b)  -> (artifact id: 'e114d596b8f93a28ff27d67b35535415') in 0.014858 seconds
Number of updated asset objects reloaded before import = 0
Number of asset objects unloaded after import = 2
========================================================================
Received Import Request.
  Time since last request: 67.266375 seconds.
  path: Assets/UI/VaransaiUI.mat
  artifactKey: Guid(7cb1ca7e99ebb9b4995e51ba0d1e7ebe) Importer(815301076,1909f56bfc062723c751e8b465ee728b)
Start importing Assets/UI/VaransaiUI.mat using Guid(7cb1ca7e99ebb9b4995e51ba0d1e7ebe) Importer(815301076,1909f56bfc062723c751e8b465ee728b)  -> (artifact id: 'c3daa619b696a2382ae87d14f5cdaa03') in 0.013998 seconds
Number of updated asset objects reloaded before import = 0
Number of asset objects unloaded after import = 1
========================================================================
Received Import Request.
  Time since last request: 4.728138 seconds.
  path: Assets/UI/Varanasi.jpg
  artifactKey: Guid(0497abae8e96eb245af09d69cd8ee1b1) Importer(815301076,1909f56bfc062723c751e8b465ee728b)
Start importing Assets/UI/Varanasi.jpg using Guid(0497abae8e96eb245af09d69cd8ee1b1) Importer(815301076,1909f56bfc062723c751e8b465ee728b)  -> (artifact id: '8647f211d463c6f826fb5b651a9c4d2c') in 0.019463 seconds
Number of updated asset objects reloaded before import = 0
Number of asset objects unloaded after import = 2
========================================================================
Received Import Request.
  Time since last request: 115.170943 seconds.
  path: Assets/UI/CropsUI.mat
  artifactKey: Guid(6f172b38c5dca5643a170f3d87c479f8) Importer(815301076,1909f56bfc062723c751e8b465ee728b)
Start importing Assets/UI/CropsUI.mat using Guid(6f172b38c5dca5643a170f3d87c479f8) Importer(815301076,1909f56bfc062723c751e8b465ee728b)  -> (artifact id: 'ec3f37ad3a7aea58d90d2dde7395cf34') in 0.087363 seconds
Number of updated asset objects reloaded before import = 0
Number of asset objects unloaded after import = 2
========================================================================
Received Import Request.
  Time since last request: 0.006001 seconds.
  path: Assets/UI/RishikeshUI.mat
  artifactKey: Guid(f71825b70cefb2c4d97b4abefc989c39) Importer(815301076,1909f56bfc062723c751e8b465ee728b)
Start importing Assets/UI/RishikeshUI.mat using Guid(f71825b70cefb2c4d97b4abefc989c39) Importer(815301076,1909f56bfc062723c751e8b465ee728b)  -> (artifact id: '0507b447e35b1fa487d6ab2d4099f0dc') in 0.118514 seconds
Number of updated asset objects reloaded before import = 0
Number of asset objects unloaded after import = 2
========================================================================
Received Import Request.
  Time since last request: 0.000101 seconds.
  path: Assets/UI/VaransaiUI.mat
  artifactKey: Guid(7cb1ca7e99ebb9b4995e51ba0d1e7ebe) Importer(815301076,1909f56bfc062723c751e8b465ee728b)
Start importing Assets/UI/VaransaiUI.mat using Guid(7cb1ca7e99ebb9b4995e51ba0d1e7ebe) Importer(815301076,1909f56bfc062723c751e8b465ee728b)  -> (artifact id: 'b981d39cb48202f004a07469d6643502') in 0.094251 seconds
Number of updated asset objects reloaded before import = 0
Number of asset objects unloaded after import = 2
========================================================================
Received Import Request.
  Time since last request: 0.000139 seconds.
  path: Assets/UI/KanpurUI.mat
  artifactKey: Guid(524f03288df30214fa02f65e2ceb4f0e) Importer(815301076,1909f56bfc062723c751e8b465ee728b)
Start importing Assets/UI/KanpurUI.mat using Guid(524f03288df30214fa02f65e2ceb4f0e) Importer(815301076,1909f56bfc062723c751e8b465ee728b)  -> (artifact id: '2698bae9ef17d564927520ef77b0d64d') in 0.079543 seconds
Number of updated asset objects reloaded before import = 0
Number of asset objects unloaded after import = 2
========================================================================
Received Import Request.
  Time since last request: 0.000157 seconds.
  path: Assets/UI/KokataUI.mat
  artifactKey: Guid(5e4435b22d5024344bbf27ad408373dc) Importer(815301076,1909f56bfc062723c751e8b465ee728b)
Start importing Assets/UI/KokataUI.mat using Guid(5e4435b22d5024344bbf27ad408373dc) Importer(815301076,1909f56bfc062723c751e8b465ee728b)  -> (artifact id: '4b45da578bab07e451e8b60404388be1') in 0.068264 seconds
Number of updated asset objects reloaded before import = 0
Number of asset objects unloaded after import = 2
========================================================================
Received Import Request.
  Time since last request: 0.000031 seconds.
  path: Assets/UI/SundarbanUI.mat
  artifactKey: Guid(5a2061e4825f3714f987565360c136a8) Importer(815301076,1909f56bfc062723c751e8b465ee728b)
Start importing Assets/UI/SundarbanUI.mat using Guid(5a2061e4825f3714f987565360c136a8) Importer(815301076,1909f56bfc062723c751e8b465ee728b)  -> (artifact id: '575705f9169ccc3073c266f1a31e5047') in 0.086212 seconds
Number of updated asset objects reloaded before import = 0
Number of asset objects unloaded after import = 2
========================================================================
Received Prepare
Refreshing native plugins compatible for Editor in 4.73 ms, found 6 plugins.
Preloading 2 native plugins for Editor in 0.05 ms.
Unloading 4 Unused Serialized files (Serialized files now loaded: 0)
Unloading 4 unused Assets / (69.3 KB). Loaded Objects now: 4056.
Memory consumption went from 83.9 MB to 83.8 MB.
Total: 5.651500 ms (FindLiveObjects: 0.323600 ms CreateObjectMapping: 0.111700 ms MarkObjects: 5.103800 ms  DeleteObjects: 0.110900 ms)

Prepare: number of updated asset objects reloaded= 0
AssetImportParameters requested are different than current active one (requested -> active):
  custom:container-demuxer-ogg: 62fdf1f143b41e24485cea50d1cbac27 -> 
  custom:video-codec-MediaFoundation-h265: 746d11721c4dcdbdad8f713fa42b33f4 -> 
  custom:video-decoder-ogg-theora: a1e56fd34408186e4bbccfd4996cb3dc -> 
  custom:framework-win-MediaFoundation: 216162199b28c13a410421893ffa2e32 -> 
  custom:CustomObjectIndexerAttribute: 9a22284fe3817be447336de3de66b15e -> 
  custom:container-demuxer-webm: 4f35f7cbe854078d1ac9338744f61a02 -> 
  custom:container-muxer-webm: aa71ff27fc2769a1b78a27578f13a17b -> 
  custom:video-decoder-webm-vp8: 9c59270c3fd7afecdb556c50c9e8de78 -> 
  custom:SearchIndexIgnoredProperties: e643bd26f0fe6173181afceb89e7c659 -> 
  custom:AudioImporter_EditorPlatform: d09bf68614088b80899f8185d706f6e7 -> 
  custom:video-encoder-webm-vp8: eb34c28f22e8b96e1ab97ce403110664 -> 
  custom:audio-decoder-ogg-vorbis: bf7c407c2cedff20999df2af8eb42d56 -> 
  custom:audio-encoder-webm-vorbis: bf7c407c2cedff20999df2af8eb42d56 -> 
========================================================================
Received Prepare
Begin MonoManager ReloadAssembly
- Loaded All Assemblies, in  0.514 seconds
Refreshing native plugins compatible for Editor in 4.54 ms, found 6 plugins.
Native extension for WindowsStandalone target not found
Native extension for Android target not found
[Package Manager] Server::EnsureServerProcessIsRunning -- launch failed, reason: Unity was launched with the -noUpm command-line argument
[Package Manager] UpmClient::Send -- Unable to send message (not connected to UPM process).
[Package Manager] Cannot connect to Unity Package Manager local server
[Package Manager] Server::EnsureServerProcessIsRunning -- launch failed, reason: Unity was launched with the -noUpm command-line argument
[Package Manager] UpmClient::Send -- Unable to send message (not connected to UPM process).
[Package Manager] Cannot connect to Unity Package Manager local server
Mono: successfully reloaded assembly
[Package Manager] Server::EnsureServerProcessIsRunning -- launch failed, reason: Unity was launched with the -noUpm command-line argument
[Package Manager] UpmClient::Send -- Unable to send message (not connected to UPM process).
[Package Manager] Cannot connect to Unity Package Manager local server
- Finished resetting the current domain, in  1.050 seconds
Domain Reload Profiling: 1562ms
	BeginReloadAssembly (178ms)
		ExecutionOrderSort (0ms)
		DisableScriptedObjects (4ms)
		BackupInstance (0ms)
		ReleaseScriptingObjects (0ms)
		CreateAndSetChildDomain (41ms)
	RebuildCommonClasses (36ms)
	RebuildNativeTypeToScriptingClass (10ms)
	initialDomainReloadingComplete (32ms)
	LoadAllAssembliesAndSetupDomain (255ms)
		LoadAssemblies (343ms)
		RebuildTransferFunctionScriptingTraits (0ms)
		AnalyzeDomain (15ms)
			TypeCache.Refresh (7ms)
				TypeCache.ScanAssembly (0ms)
			ScanForSourceGeneratedMonoScriptInfo (0ms)
			ResolveRequiredComponents (6ms)
	FinalizeReload (1051ms)
		ReleaseScriptCaches (0ms)
		RebuildScriptCaches (0ms)
		SetupLoadedEditorAssemblies (434ms)
			LogAssemblyErrors (0ms)
			InitializePlatformSupportModulesInManaged (24ms)
			SetLoadedEditorAssemblies (3ms)
			RefreshPlugins (0ms)
			BeforeProcessingInitializeOnLoad (69ms)
			ProcessInitializeOnLoadAttributes (296ms)
			ProcessInitializeOnLoadMethodAttributes (34ms)
			AfterProcessingInitializeOnLoad (8ms)
			EditorAssembliesLoaded (0ms)
		ExecutionOrderSort2 (0ms)
		AwakeInstancesAfterBackupRestoration (7ms)
Refreshing native plugins compatible for Editor in 5.09 ms, found 6 plugins.
Preloading 2 native plugins for Editor in 0.05 ms.
Unloading 3208 Unused Serialized files (Serialized files now loaded: 0)
Unloading 50 unused Assets / (75.2 KB). Loaded Objects now: 4058.
Memory consumption went from 135.5 MB to 135.4 MB.
Total: 3.419600 ms (FindLiveObjects: 0.344100 ms CreateObjectMapping: 0.109100 ms MarkObjects: 2.808700 ms  DeleteObjects: 0.156100 ms)

Prepare: number of updated asset objects reloaded= 0
AssetImportParameters requested are different than current active one (requested -> active):
  custom:container-demuxer-ogg: 62fdf1f143b41e24485cea50d1cbac27 -> 
  custom:video-codec-MediaFoundation-h265: 746d11721c4dcdbdad8f713fa42b33f4 -> 
  custom:video-decoder-ogg-theora: a1e56fd34408186e4bbccfd4996cb3dc -> 
  custom:framework-win-MediaFoundation: 216162199b28c13a410421893ffa2e32 -> 
  custom:CustomObjectIndexerAttribute: 9a22284fe3817be447336de3de66b15e -> 
  custom:container-demuxer-webm: 4f35f7cbe854078d1ac9338744f61a02 -> 
  custom:container-muxer-webm: aa71ff27fc2769a1b78a27578f13a17b -> 
  custom:video-decoder-webm-vp8: 9c59270c3fd7afecdb556c50c9e8de78 -> 
  custom:SearchIndexIgnoredProperties: e643bd26f0fe6173181afceb89e7c659 -> 
  custom:AudioImporter_EditorPlatform: d09bf68614088b80899f8185d706f6e7 -> 
  custom:video-encoder-webm-vp8: eb34c28f22e8b96e1ab97ce403110664 -> 
  custom:audio-decoder-ogg-vorbis: bf7c407c2cedff20999df2af8eb42d56 -> 
  custom:audio-encoder-webm-vorbis: bf7c407c2cedff20999df2af8eb42d56 -> 
Editor requested this worker to shutdown with reason: Scaling down because of idle timeout
TcpMessagingSession - receive error: operation aborted. errorcode: 995, details: The I/O operation has been aborted because of either a thread exit or an application request.
AssetImportWorker is now disconnected from the server
Process exiting
Exiting without the bug reporter. Application will terminate with return code 0